#
# A fatal error has been detected by the Java Runtime Environment:
#
#  EXCEPTION_ACCESS_VIOLATION (0xc0000005) at pc=0x00007ffe893826c4, pid=18744, tid=18260
#
# JRE version: OpenJDK Runtime Environment (24.0.1+9) (build 24.0.1+9-30)
# Java VM: OpenJDK 64-Bit Server VM (24.0.1+9-30, mixed mode, sharing, tiered, compressed oops, compressed class ptrs, g1 gc, windows-amd64)
# Problematic frame:
# C  [libasyncProfiler.dll+0x926c4]
#
# No core dump will be written. Minidumps are not enabled by default on client versions of Windows
#
# JFR recording file will be written. Location: C:\Users\rcris\Desktop\LEI\2ANO\PP\TP\Trabalho\PP_TP_2025\hs_err_pid18744.jfr
#
# If you would like to submit a bug report, please visit:
#   https://bugreport.java.com/bugreport/crash.jsp
# The crash happened outside the Java Virtual Machine in native code.
# See problematic frame for where to report the bug.
#

---------------  S U M M A R Y ------------

Command Line: -javaagent:C:\Program Files\JetBrains\IntelliJ IDEA 2024.3.2.2\lib\idea_rt.jar=52259 -Dfile.encoding=UTF-8 -Dsun.stdout.encoding=UTF-8 -Dsun.stderr.encoding=UTF-8 Main

Host: 13th Gen Intel(R) Core(TM) i7-13700H, 20 cores, 15G,  Windows 11 , 64 bit Build 26100 (10.0.26100.3912)
Time: Fri May 16 21:49:49 2025 Hora de Verão de GMT elapsed time: 291.529331 seconds (0d 0h 4m 51s)

---------------  T H R E A D  ---------------

Current thread (0x000001be392e7110):  JavaThread "Attach Listener" daemon [_thread_in_native, id=18260, stack(0x0000000491400000,0x0000000491500000) (1024K)]

Stack: [0x0000000491400000,0x0000000491500000],  sp=0x00000004914fef60,  free space=1019k
Native frames: (J=compiled Java code, j=interpreted, Vv=VM code, C=native code)
C  [libasyncProfiler.dll+0x926c4]  (no source info available)
C  [libasyncProfiler.dll+0x92b9b]  (no source info available)
C  [libasyncProfiler.dll+0x917f4]  (no source info available)
C  [libasyncProfiler.dll+0x9206a]  (no source info available)
C  [libasyncProfiler.dll+0x8cc21]  (no source info available)
C  [libasyncProfiler.dll+0x7e5e1]  (no source info available)
C  [libasyncProfiler.dll+0x7d2f8]  (no source info available)
C  [libasyncProfiler.dll+0x7d1e0]  (no source info available)
C  [libasyncProfiler.dll+0x841b9]  (no source info available)
V  [jvm.dll+0x57eff7]  (no source info available)
V  [jvm.dll+0x57fdac]  (no source info available)
V  [jvm.dll+0x14ca17]  (no source info available)
V  [jvm.dll+0x14dfe1]  (no source info available)
V  [jvm.dll+0x42f456]  (no source info available)
V  [jvm.dll+0x87d76b]  (no source info available)
V  [jvm.dll+0x72ee55]  (no source info available)
C  [ucrtbase.dll+0x37b0]  (no source info available)
C  [KERNEL32.DLL+0x2e8d7]  (no source info available)
C  [ntdll.dll+0x9c5dc]  (no source info available)


siginfo: EXCEPTION_ACCESS_VIOLATION (0xc0000005), reading address 0xffffffffffffffff


Registers:
RAX=0x0000000000000010, RBX=0x0000000000000000, RCX=0xffffffffffffffff, RDX=0x007ffe2b63300010
RSP=0x00000004914fef60, RBP=0x000001be7f7f6af8, RSI=0x00000004914ff0d0, RDI=0x000001be7f7f6af8
R8 =0x0000000000000042, R9 =0x0000000714c01ed8, R10=0x00007ffe2b8a9fb0, R11=0x0000000000000002
R12=0x00000004914ff0d0, R13=0x000001be7f3e8470, R14=0x000001be392e74d8, R15=0x000001be392e74d8
RIP=0x00007ffe893826c4, EFLAGS=0x0000000000010202

XMM[0]=0x0000000000000000 0x0000000000000000
XMM[1]=0x0000000000000000 0x0000000000000000
XMM[2]=0x0000000000000000 0x0000000000000000
XMM[3]=0x0000000000000000 0x0000000000000000
XMM[4]=0x0000000000000000 0x0000000000000000
XMM[5]=0x0000000000000000 0x0000000000000000
XMM[6]=0x0000000000000000 0x0000000000000000
XMM[7]=0x0000000000000000 0x0000000000000000
XMM[8]=0x0000000000000000 0x0000000000000000
XMM[9]=0x0000000000000000 0x0000000000000000
XMM[10]=0x0000000000000000 0x0000000000000000
XMM[11]=0x0000000000000000 0x0000000000000000
XMM[12]=0x0000000000000000 0x0000000000000000
XMM[13]=0x0000000000000000 0x0000000000000000
XMM[14]=0x0000000000000000 0x0000000000000000
XMM[15]=0x0000000000000000 0x0000000000000000
  MXCSR=0x00001fa0


Register to memory mapping:

RAX=0x0000000000000010 is an unknown value
RBX=0x0 is null
RCX=0xffffffffffffffff is an unknown value
RDX=0x007ffe2b63300010 is an unknown value
RSP=0x00000004914fef60 is pointing into the stack for thread: 0x000001be392e7110
RBP=0x000001be7f7f6af8 points into unknown readable memory: 0x0000000714c01ed8 | d8 1e c0 14 07 00 00 00
RSI=0x00000004914ff0d0 is pointing into the stack for thread: 0x000001be392e7110
RDI=0x000001be7f7f6af8 points into unknown readable memory: 0x0000000714c01ed8 | d8 1e c0 14 07 00 00 00
R8 =0x0000000000000042 is an unknown value
R9 =0x0000000714c01ed8 is an oop: java.lang.Thread 
{0x0000000714c01ed8} - klass: 'java/lang/Thread' - flags: 

 - ---- fields (total size 14 words):
 - 'threadLocalRandomProbe' 'I' @12  0 (0x00000000)
 - private volatile 'eetop' 'J' @16  1915941330224 (0x000001be17009d30)
 - private final 'tid' 'J' @24  3 (0x0000000000000003)
 - 'threadLocalRandomSeed' 'J' @32  0 (0x0000000000000000)
 - injected 'jvmti_thread_state' 'J' @40  1916519743952 (0x000001be397a81d0)
 - 'threadLocalRandomSecondarySeed' 'I' @48  0 (0x00000000)
 - injected 'jvmti_VTMS_transition_disable_count' 'I' @52  0 (0x00000000)
 - injected 'jfr_epoch' 'S' @56  0 (0x0000)
 - volatile 'interrupted' 'Z' @58  false (0x00)
 - injected 'jvmti_is_in_VTMS_transition' 'Z' @59  false (0x00)
 - private volatile 'name' 'Ljava/lang/String;' @60  "main"{0x0000000714c01f48} (0xe29803e9)
 - private volatile 'contextClassLoader' 'Ljava/lang/ClassLoader;' @64  a 'jdk/internal/loader/ClassLoaders$AppClassLoader'{0x0000000714c17058} (0xe2982e0b)
 - private final 'holder' 'Ljava/lang/Thread$FieldHolder;' @68  a 'java/lang/Thread$FieldHolder'{0x0000000714c01f88} (0xe29803f1)
 - 'threadLocals' 'Ljava/lang/ThreadLocal$ThreadLocalMap;' @72  a 'java/lang/ThreadLocal$ThreadLocalMap'{0x0000000714a3de20} (0xe2947bc4)
 - 'inheritableThreadLocals' 'Ljava/lang/ThreadLocal$ThreadLocalMap;' @76  null (0x00000000)
 - private 'scopedValueBindings' 'Ljava/lang/Object;' @80  a 'java/lang/Class'{0x00000007ffe7c258} = 'java/lang/Thread' (0xfffcf84b)
 - final 'interruptLock' 'Ljava/lang/Object;' @84  a 'java/lang/Object'{0x0000000714c01f78} (0xe29803ef)
 - private volatile 'parkBlocker' 'Ljava/lang/Object;' @88  null (0x00000000)
 - private 'nioBlocker' 'Lsun/nio/ch/Interruptible;' @92  null (0x00000000)
 - private 'cont' 'Ljdk/internal/vm/Continuation;' @96  null (0x00000000)
 - private volatile 'uncaughtExceptionHandler' 'Ljava/lang/Thread$UncaughtExceptionHandler;' @100  null (0x00000000)
 - private 'container' 'Ljdk/internal/vm/ThreadContainer;' @104  null (0x00000000)
 - private volatile 'headStackableScopes' 'Ljdk/internal/vm/StackableScope;' @108  null (0x00000000)
R10=0x00007ffe2b8a9fb0 jvm.dll
R11=0x0000000000000002 is an unknown value
R12=0x00000004914ff0d0 is pointing into the stack for thread: 0x000001be392e7110
R13=0x000001be7f3e8470 points into unknown readable memory: 0x00007ffe2b81a510 | 10 a5 81 2b fe 7f 00 00
R14=0x000001be392e74d8 points into unknown readable memory: 0x00007ffe2b8117b0 | b0 17 81 2b fe 7f 00 00
R15=0x000001be392e74d8 points into unknown readable memory: 0x00007ffe2b8117b0 | b0 17 81 2b fe 7f 00 00

Top of Stack: (sp=0x00000004914fef60)
0x00000004914fef60:   00000004914ff0d0 000001be7f7f6af8   ..O......j......
0x00000004914fef70:   0000000000000000 000001be392e8c60   ........`..9....
0x00000004914fef80:   0000000000000022 00007ffe89382b9b   "........+8.....
0x00000004914fef90:   0000000000000000 000001be392e74d8   .........t.9....
0x00000004914fefa0:   00000004914ff001 0000000000000000   ..O.............
0x00000004914fefb0:   000001be7f159450 00007ffe893817f4   P.........8.....
0x00000004914fefc0:   0000000000000000 0000000000000022   ........".......
0x00000004914fefd0:   0000000000000000 0000000000000022   ........".......
0x00000004914fefe0:   0000000f00000002 000001be00fc0c20   ........ .......
0x00000004914feff0:   000001be7f159450 000001be7f1594d8   P...............
0x00000004914ff000:   000001be7f1594f8 0000000000007dc0   .........}......
0x00000004914ff010:   0000000000000000 0000000000000000   ................
0x00000004914ff020:   0000000000000000 00007ffe2b0757d4   .........W.+....
0x00000004914ff030:   00007ffe894c4ca0 0000000000004938   .LL.....8I......
0x00000004914ff040:   00007ffe894c4ca0 00000000ffffffff   .LL.............
0x00000004914ff050:   0000000000000000 00007ffe8938206a   ........j 8.....
0x00000004914ff060:   000001be392e74d8 0000000000000000   .t.9............
0x00000004914ff070:   00000004914ff0d9 000001be7f3e8470   ..O.....p.>.....
0x00000004914ff080:   0000000000000004 0000000000000048   ........H.......
0x00000004914ff090:   0000000800800310 0000000000000020   ........ .......
0x00000004914ff0a0:   000001be392e74d8 00007ffe894c4ca0   .t.9.....LL.....
0x00000004914ff0b0:   000001be392ca830 000001be397a81d0   0.,9......z9....
0x00000004914ff0c0:   0000000800800390 000001be392e74d8   .........t.9....
0x00000004914ff0d0:   000001be024d36c0 000001be024d3b00   .6M......;M.....
0x00000004914ff0e0:   000001be024d3b00 00007ffe894c4ca0   .;M......LL.....
0x00000004914ff0f0:   000001be39935b98 00000004914ff268   .[.9....h.O.....
0x00000004914ff100:   00000004914ff3a0 0000000000008840   ..O.....@.......
0x00000004914ff110:   00000004914ff580 00007ffe894c4cf0   ..O......LL.....
0x00000004914ff120:   0000000000989680 0000000000989680   ................
0x00000004914ff130:   00000004914ff240 00007ffe8937cc21   @.O.....!.7.....
0x00000004914ff140:   00007ffe894c4ca0 00007ffe894c4cf8   .LL......LL.....
0x00000004914ff150:   00007ffe00000000 00007ffe00000001   ................

Instructions: (pc=0x00007ffe893826c4)
  0x00007ffe893825c4:   cc cc cc cc cc cc cc cc cc cc cc cc cc cc cc cc
  0x00007ffe893825d4:   cc cc cc cc cc cc cc cc cc cc cc cc cc cc cc cc
  0x00007ffe893825e4:   cc cc cc cc cc cc cc cc cc cc cc cc cc cc cc cc
  0x00007ffe893825f4:   cc cc cc cc cc cc cc cc cc cc cc cc cc cc cc cc
  0x00007ffe89382604:   cc cc cc cc cc cc cc cc cc cc cc cc cc cc cc cc
  0x00007ffe89382614:   cc cc cc cc cc cc cc cc cc cc cc cc cc cc cc cc
  0x00007ffe89382624:   cc cc cc cc cc cc cc cc cc cc cc cc cc cc cc cc
  0x00007ffe89382634:   cc cc cc cc cc cc cc cc cc cc cc cc cc cc cc cc
  0x00007ffe89382644:   cc cc cc cc cc cc cc cc cc cc cc cc 40 57 48 83
  0x00007ffe89382654:   ec 20 48 8b f9 48 8b 0d 10 28 14 00 48 85 c9 74
  0x00007ffe89382664:   20 48 8b 01 48 8d 54 24 38 41 b8 06 00 01 00 4c
  0x00007ffe89382674:   8b 48 30 41 ff d1 85 c0 75 07 48 8b 4c 24 38 eb
  0x00007ffe89382684:   02 33 c9 4c 8b 05 ea 28 14 00 48 89 5c 24 30 4d
  0x00007ffe89382694:   85 c0 74 4a 48 8b 01 48 8b d7 4c 8b 88 28 03 00
  0x00007ffe893826a4:   00 41 ff d1 48 85 c0 74 35 48 63 0d f8 e6 13 00
  0x00007ffe893826b4:   48 8b 14 01 48 85 d2 74 15 48 63 05 fc e6 13 00
=>0x00007ffe893826c4:   8b 04 10 48 8b 5c 24 30 48 83 c4 20 5f c3 b8 ff
  0x00007ffe893826d4:   ff ff ff 48 8b 5c 24 30 48 83 c4 20 5f c3 80 3d
  0x00007ffe893826e4:   9b 27 14 00 00 bb ff ff ff ff 74 20 4c 8b 0d 31
  0x00007ffe893826f4:   24 14 00 4c 8d 44 24 38 48 8b 0d 15 24 14 00 48
  0x00007ffe89382704:   8b d7 41 ff d1 85 c0 0f 44 5c 24 38 8b c3 48 8b
  0x00007ffe89382714:   5c 24 30 48 83 c4 20 5f c3 cc cc cc cc cc cc cc
  0x00007ffe89382724:   cc cc cc cc cc cc cc cc cc cc cc cc cc cc cc cc
  0x00007ffe89382734:   cc cc cc cc cc cc cc cc cc cc cc cc cc cc cc cc
  0x00007ffe89382744:   cc cc cc cc cc cc cc cc cc cc cc cc 48 89 54 24
  0x00007ffe89382754:   10 53 55 56 57 41 56 41 57 48 83 ec 28 48 8b f2
  0x00007ffe89382764:   4c 8b f1 48 89 4c 24 78 45 33 ff 44 89 7c 24 68
  0x00007ffe89382774:   c7 44 24 60 01 00 00 00 48 8d 4c 24 68 e8 ed 42
  0x00007ffe89382784:   f7 ff 8b d8 48 8d 4c 24 60 e8 e1 42 f7 ff 8b e8
  0x00007ffe89382794:   49 8b ce e8 00 fc f6 ff 48 8b f8 90 8b c3 f0 0f
  0x00007ffe893827a4:   b1 2f 74 04 f3 90 eb f4 4c 89 3e 4c 89 7e 08 4c
  0x00007ffe893827b4:   89 7e 10 49 8b 6e 08 4d 8b 76 10 49 3b ee 0f 84


Stack slot to memory mapping:

stack at sp + 0 slots: 0x00000004914ff0d0 is pointing into the stack for thread: 0x000001be392e7110
stack at sp + 1 slots: 0x000001be7f7f6af8 points into unknown readable memory: 0x0000000714c01ed8 | d8 1e c0 14 07 00 00 00
stack at sp + 2 slots: 0x0 is null
stack at sp + 3 slots: 0x000001be392e8c60 points into unknown readable memory: 0x6e616c2e6176616a | 6a 61 76 61 2e 6c 61 6e
stack at sp + 4 slots: 0x0000000000000022 is an unknown value
stack at sp + 5 slots: 0x00007ffe89382b9b libasyncProfiler.dll
stack at sp + 6 slots: 0x0 is null
stack at sp + 7 slots: 0x000001be392e74d8 points into unknown readable memory: 0x00007ffe2b8117b0 | b0 17 81 2b fe 7f 00 00

Lock stack of current Java thread (top to bottom):


---------------  P R O C E S S  ---------------

Threads class SMR info:
_java_thread_list=0x000001be025627c0, length=26, elements={
0x000001be17009d30, 0x000001be392e02e0, 0x000001be392e0a20, 0x000001be392e4850,
0x000001be392e7110, 0x000001be392e5c30, 0x000001be39730f70, 0x000001be3973ca30,
0x000001be39747920, 0x000001be39732560, 0x000001be39733400, 0x000001be397300d0,
0x000001be39732cb0, 0x000001be39730820, 0x000001be397316c0, 0x000001be39731e10,
0x000001be7f716f40, 0x000001be39746270, 0x000001be39746a00, 0x000001be7f714360,
0x000001be39747190, 0x000001be39745350, 0x000001be00072c40, 0x000001be00070e00,
0x000001be000733d0, 0x000001be7f718c80
}

Java Threads: ( => current thread )
  0x000001be17009d30 JavaThread "main"                              [_thread_in_native, id=7276, stack(0x0000000490900000,0x0000000490a00000) (1024K)]
  0x000001be392e02e0 JavaThread "Reference Handler"          daemon [_thread_blocked, id=3296, stack(0x0000000491100000,0x0000000491200000) (1024K)]
  0x000001be392e0a20 JavaThread "Finalizer"                  daemon [_thread_blocked, id=17832, stack(0x0000000491200000,0x0000000491300000) (1024K)]
  0x000001be392e4850 JavaThread "Signal Dispatcher"          daemon [_thread_blocked, id=15564, stack(0x0000000491300000,0x0000000491400000) (1024K)]
=>0x000001be392e7110 JavaThread "Attach Listener"            daemon [_thread_in_native, id=18260, stack(0x0000000491400000,0x0000000491500000) (1024K)]
  0x000001be392e5c30 JavaThread "Service Thread"             daemon [_thread_blocked, id=5564, stack(0x0000000491500000,0x0000000491600000) (1024K)]
  0x000001be39730f70 JavaThread "Monitor Deflation Thread"   daemon [_thread_blocked, id=24804, stack(0x0000000491600000,0x0000000491700000) (1024K)]
  0x000001be3973ca30 JavaThread "C2 CompilerThread0"         daemon [_thread_in_native, id=13952, stack(0x0000000491700000,0x0000000491800000) (1024K)]
  0x000001be39747920 JavaThread "C1 CompilerThread0"         daemon [_thread_blocked, id=10200, stack(0x0000000491800000,0x0000000491900000) (1024K)]
  0x000001be39732560 JavaThread "Common-Cleaner"             daemon [_thread_blocked, id=7124, stack(0x0000000491d00000,0x0000000491e00000) (1024K)]
  0x000001be39733400 JavaThread "Monitor Ctrl-Break"         daemon [_thread_in_native, id=17684, stack(0x0000000491e00000,0x0000000491f00000) (1024K)]
  0x000001be397300d0 JavaThread "Notification Thread"        daemon [_thread_blocked, id=5380, stack(0x0000000491f00000,0x0000000492000000) (1024K)]
  0x000001be39732cb0 JavaThread "RMI TCP Accept-0"           daemon [_thread_in_native, id=29076, stack(0x0000000492300000,0x0000000492400000) (1024K)]
  0x000001be39730820 JavaThread "RMI TCP Connection(1)-192.168.0.127" daemon [_thread_in_native, id=30876, stack(0x0000000492400000,0x0000000492500000) (1024K)]
  0x000001be397316c0 JavaThread "RMI Scheduler(0)"           daemon [_thread_blocked, id=14492, stack(0x0000000492500000,0x0000000492600000) (1024K)]
  0x000001be39731e10 JavaThread "JMX server connection timeout 40" daemon [_thread_blocked, id=13100, stack(0x0000000492600000,0x0000000492700000) (1024K)]
  0x000001be7f716f40 JavaThread "RMI TCP Connection(idle)"   daemon [_thread_blocked, id=8848, stack(0x0000000490600000,0x0000000490700000) (1024K)]
  0x000001be39746270 JavaThread "C2 CompilerThread1"         daemon [_thread_blocked, id=31392, stack(0x0000000490700000,0x0000000490800000) (1024K)]
  0x000001be39746a00 JavaThread "C1 CompilerThread1"         daemon [_thread_blocked, id=30400, stack(0x0000000490800000,0x0000000490900000) (1024K)]
  0x000001be7f714360 JavaThread "JFR Recorder Thread"        daemon [_thread_in_native, id=19856, stack(0x0000000491900000,0x0000000491a00000) (1024K)]
  0x000001be39747190 JavaThread "C2 CompilerThread2"         daemon [_thread_blocked, id=29240, stack(0x0000000491a00000,0x0000000491b00000) (1024K)]
  0x000001be39745350 JavaThread "C2 CompilerThread3"         daemon [_thread_blocked, id=15296, stack(0x0000000491b00000,0x0000000491c00000) (1024K)]
  0x000001be00072c40 JavaThread "C2 CompilerThread4"         daemon [_thread_blocked, id=19072, stack(0x0000000491c00000,0x0000000491d00000) (1024K)]
  0x000001be00070e00 JavaThread "C1 CompilerThread2"         daemon [_thread_blocked, id=20696, stack(0x0000000492000000,0x0000000492100000) (1024K)]
  0x000001be000733d0 JavaThread "C1 CompilerThread3"         daemon [_thread_blocked, id=31780, stack(0x0000000492100000,0x0000000492200000) (1024K)]
  0x000001be7f718c80 JavaThread "JFR Periodic Tasks"         daemon [_thread_blocked, id=32192, stack(0x0000000492200000,0x0000000492300000) (1024K)]
Total: 26

Other Threads:
  0x000001be392c9fa0 VMThread "VM Thread"                           [id=29124, stack(0x0000000491000000,0x0000000491100000) (1024K)]
  0x000001be392be940 WatcherThread "VM Periodic Task Thread"        [id=9900, stack(0x0000000490f00000,0x0000000491000000) (1024K)]
  0x000001be170727c0 WorkerThread "GC Thread#0"                     [id=24208, stack(0x0000000490a00000,0x0000000490b00000) (1024K)]
  0x000001be17087230 ConcurrentGCThread "G1 Main Marker"            [id=6132, stack(0x0000000490b00000,0x0000000490c00000) (1024K)]
  0x000001be17088b90 WorkerThread "G1 Conc#0"                       [id=15944, stack(0x0000000490c00000,0x0000000490d00000) (1024K)]
  0x000001be3917d5c0 ConcurrentGCThread "G1 Refine#0"               [id=16520, stack(0x0000000490d00000,0x0000000490e00000) (1024K)]
  0x000001be3917dd50 ConcurrentGCThread "G1 Service"                [id=32476, stack(0x0000000490e00000,0x0000000490f00000) (1024K)]
Total: 7

Threads with active compile tasks:
C2 CompilerThread0  291616 2538       4       jdk.jfr.internal.MetadataWriter::write (168 bytes)
Total: 1

VM state: not at safepoint (normal execution)

VM Mutex/Monitor currently owned by a thread: None

Heap address: 0x0000000705200000, size: 4014 MB, Compressed Oops mode: Zero based, Oop shift amount: 3

CDS archive(s) mapped at: [0x000001be3a000000-0x000001be3ad40000-0x000001be3ad40000), size 13893632, SharedBaseAddress: 0x000001be3a000000, ArchiveRelocationMode: 1.
Compressed class space mapped at: 0x000001be3b000000-0x000001be7b000000, reserved size: 1073741824
UseCompressedClassPointers 1, UseCompactObjectHeaders 0
Narrow klass pointer bits 32, Max shift 3
Narrow klass base: 0x000001be3a000000, Narrow klass shift: 0
Encoding Range: [0x000001be3a000000 - 0x000001bf3a000000), (4294967296 bytes)
Klass Range:    [0x000001be3a000000 - 0x000001be7b000000), (1090519040 bytes)
Klass ID Range:  [8 - 1090519033) (1090519025)

GC Precious Log:
 CardTable entry size: 512
 Card Set container configuration: InlinePtr #cards 4 size 8 Array Of Cards #cards 16 size 48 Howl #buckets 8 coarsen threshold 3686 Howl Bitmap #cards 512 size 80 coarsen threshold 460 Card regions per heap region 1 cards per card region 4096
 CPUs: 20 total, 20 available
 Memory: 16055M
 Large Page Support: Disabled
 NUMA Support: Disabled
 Compressed Oops: Enabled (Zero based)
 Heap Region Size: 2M
 Heap Min Capacity: 8M
 Heap Initial Capacity: 252M
 Heap Max Capacity: 4014M
 Pre-touch: Disabled
 Parallel Workers: 15
 Concurrent Workers: 4
 Concurrent Refinement Workers: 15
 Periodic GC: Disabled

Heap:
 garbage-first heap   total reserved 4110336K, committed 260096K, used 42096K [0x0000000705200000, 0x0000000800000000)
  region size 2048K, 21 young (43008K), 0 survivors (0K)
 Metaspace       used 8234K, committed 8512K, reserved 1114112K
  class space    used 733K, committed 896K, reserved 1048576K

Heap Regions: E=young(eden), S=young(survivor), O=old, HS=humongous(starts), HC=humongous(continues), CS=collection set, F=free, TAMS=top-at-mark-start, PB=parsable bottom
|   0|0x0000000705200000, 0x0000000705200000, 0x0000000705400000|  0%| F|  |TAMS 0x0000000705200000| PB 0x0000000705200000| Untracked |  0
|   1|0x0000000705400000, 0x0000000705400000, 0x0000000705600000|  0%| F|  |TAMS 0x0000000705400000| PB 0x0000000705400000| Untracked |  0
|   2|0x0000000705600000, 0x0000000705600000, 0x0000000705800000|  0%| F|  |TAMS 0x0000000705600000| PB 0x0000000705600000| Untracked |  0
|   3|0x0000000705800000, 0x0000000705800000, 0x0000000705a00000|  0%| F|  |TAMS 0x0000000705800000| PB 0x0000000705800000| Untracked |  0
|   4|0x0000000705a00000, 0x0000000705a00000, 0x0000000705c00000|  0%| F|  |TAMS 0x0000000705a00000| PB 0x0000000705a00000| Untracked |  0
|   5|0x0000000705c00000, 0x0000000705c00000, 0x0000000705e00000|  0%| F|  |TAMS 0x0000000705c00000| PB 0x0000000705c00000| Untracked |  0
|   6|0x0000000705e00000, 0x0000000705e00000, 0x0000000706000000|  0%| F|  |TAMS 0x0000000705e00000| PB 0x0000000705e00000| Untracked |  0
|   7|0x0000000706000000, 0x0000000706000000, 0x0000000706200000|  0%| F|  |TAMS 0x0000000706000000| PB 0x0000000706000000| Untracked |  0
|   8|0x0000000706200000, 0x0000000706200000, 0x0000000706400000|  0%| F|  |TAMS 0x0000000706200000| PB 0x0000000706200000| Untracked |  0
|   9|0x0000000706400000, 0x0000000706400000, 0x0000000706600000|  0%| F|  |TAMS 0x0000000706400000| PB 0x0000000706400000| Untracked |  0
|  10|0x0000000706600000, 0x0000000706600000, 0x0000000706800000|  0%| F|  |TAMS 0x0000000706600000| PB 0x0000000706600000| Untracked |  0
|  11|0x0000000706800000, 0x0000000706800000, 0x0000000706a00000|  0%| F|  |TAMS 0x0000000706800000| PB 0x0000000706800000| Untracked |  0
|  12|0x0000000706a00000, 0x0000000706a00000, 0x0000000706c00000|  0%| F|  |TAMS 0x0000000706a00000| PB 0x0000000706a00000| Untracked |  0
|  13|0x0000000706c00000, 0x0000000706c00000, 0x0000000706e00000|  0%| F|  |TAMS 0x0000000706c00000| PB 0x0000000706c00000| Untracked |  0
|  14|0x0000000706e00000, 0x0000000706e00000, 0x0000000707000000|  0%| F|  |TAMS 0x0000000706e00000| PB 0x0000000706e00000| Untracked |  0
|  15|0x0000000707000000, 0x0000000707000000, 0x0000000707200000|  0%| F|  |TAMS 0x0000000707000000| PB 0x0000000707000000| Untracked |  0
|  16|0x0000000707200000, 0x0000000707200000, 0x0000000707400000|  0%| F|  |TAMS 0x0000000707200000| PB 0x0000000707200000| Untracked |  0
|  17|0x0000000707400000, 0x0000000707400000, 0x0000000707600000|  0%| F|  |TAMS 0x0000000707400000| PB 0x0000000707400000| Untracked |  0
|  18|0x0000000707600000, 0x0000000707600000, 0x0000000707800000|  0%| F|  |TAMS 0x0000000707600000| PB 0x0000000707600000| Untracked |  0
|  19|0x0000000707800000, 0x0000000707800000, 0x0000000707a00000|  0%| F|  |TAMS 0x0000000707800000| PB 0x0000000707800000| Untracked |  0
|  20|0x0000000707a00000, 0x0000000707a00000, 0x0000000707c00000|  0%| F|  |TAMS 0x0000000707a00000| PB 0x0000000707a00000| Untracked |  0
|  21|0x0000000707c00000, 0x0000000707c00000, 0x0000000707e00000|  0%| F|  |TAMS 0x0000000707c00000| PB 0x0000000707c00000| Untracked |  0
|  22|0x0000000707e00000, 0x0000000707e00000, 0x0000000708000000|  0%| F|  |TAMS 0x0000000707e00000| PB 0x0000000707e00000| Untracked |  0
|  23|0x0000000708000000, 0x0000000708000000, 0x0000000708200000|  0%| F|  |TAMS 0x0000000708000000| PB 0x0000000708000000| Untracked |  0
|  24|0x0000000708200000, 0x0000000708200000, 0x0000000708400000|  0%| F|  |TAMS 0x0000000708200000| PB 0x0000000708200000| Untracked |  0
|  25|0x0000000708400000, 0x0000000708400000, 0x0000000708600000|  0%| F|  |TAMS 0x0000000708400000| PB 0x0000000708400000| Untracked |  0
|  26|0x0000000708600000, 0x0000000708600000, 0x0000000708800000|  0%| F|  |TAMS 0x0000000708600000| PB 0x0000000708600000| Untracked |  0
|  27|0x0000000708800000, 0x0000000708800000, 0x0000000708a00000|  0%| F|  |TAMS 0x0000000708800000| PB 0x0000000708800000| Untracked |  0
|  28|0x0000000708a00000, 0x0000000708a00000, 0x0000000708c00000|  0%| F|  |TAMS 0x0000000708a00000| PB 0x0000000708a00000| Untracked |  0
|  29|0x0000000708c00000, 0x0000000708c00000, 0x0000000708e00000|  0%| F|  |TAMS 0x0000000708c00000| PB 0x0000000708c00000| Untracked |  0
|  30|0x0000000708e00000, 0x0000000708e00000, 0x0000000709000000|  0%| F|  |TAMS 0x0000000708e00000| PB 0x0000000708e00000| Untracked |  0
|  31|0x0000000709000000, 0x0000000709000000, 0x0000000709200000|  0%| F|  |TAMS 0x0000000709000000| PB 0x0000000709000000| Untracked |  0
|  32|0x0000000709200000, 0x0000000709200000, 0x0000000709400000|  0%| F|  |TAMS 0x0000000709200000| PB 0x0000000709200000| Untracked |  0
|  33|0x0000000709400000, 0x0000000709400000, 0x0000000709600000|  0%| F|  |TAMS 0x0000000709400000| PB 0x0000000709400000| Untracked |  0
|  34|0x0000000709600000, 0x0000000709600000, 0x0000000709800000|  0%| F|  |TAMS 0x0000000709600000| PB 0x0000000709600000| Untracked |  0
|  35|0x0000000709800000, 0x0000000709800000, 0x0000000709a00000|  0%| F|  |TAMS 0x0000000709800000| PB 0x0000000709800000| Untracked |  0
|  36|0x0000000709a00000, 0x0000000709a00000, 0x0000000709c00000|  0%| F|  |TAMS 0x0000000709a00000| PB 0x0000000709a00000| Untracked |  0
|  37|0x0000000709c00000, 0x0000000709c00000, 0x0000000709e00000|  0%| F|  |TAMS 0x0000000709c00000| PB 0x0000000709c00000| Untracked |  0
|  38|0x0000000709e00000, 0x0000000709e00000, 0x000000070a000000|  0%| F|  |TAMS 0x0000000709e00000| PB 0x0000000709e00000| Untracked |  0
|  39|0x000000070a000000, 0x000000070a000000, 0x000000070a200000|  0%| F|  |TAMS 0x000000070a000000| PB 0x000000070a000000| Untracked |  0
|  40|0x000000070a200000, 0x000000070a200000, 0x000000070a400000|  0%| F|  |TAMS 0x000000070a200000| PB 0x000000070a200000| Untracked |  0
|  41|0x000000070a400000, 0x000000070a400000, 0x000000070a600000|  0%| F|  |TAMS 0x000000070a400000| PB 0x000000070a400000| Untracked |  0
|  42|0x000000070a600000, 0x000000070a600000, 0x000000070a800000|  0%| F|  |TAMS 0x000000070a600000| PB 0x000000070a600000| Untracked |  0
|  43|0x000000070a800000, 0x000000070a800000, 0x000000070aa00000|  0%| F|  |TAMS 0x000000070a800000| PB 0x000000070a800000| Untracked |  0
|  44|0x000000070aa00000, 0x000000070aa00000, 0x000000070ac00000|  0%| F|  |TAMS 0x000000070aa00000| PB 0x000000070aa00000| Untracked |  0
|  45|0x000000070ac00000, 0x000000070ac00000, 0x000000070ae00000|  0%| F|  |TAMS 0x000000070ac00000| PB 0x000000070ac00000| Untracked |  0
|  46|0x000000070ae00000, 0x000000070ae00000, 0x000000070b000000|  0%| F|  |TAMS 0x000000070ae00000| PB 0x000000070ae00000| Untracked |  0
|  47|0x000000070b000000, 0x000000070b000000, 0x000000070b200000|  0%| F|  |TAMS 0x000000070b000000| PB 0x000000070b000000| Untracked |  0
|  48|0x000000070b200000, 0x000000070b200000, 0x000000070b400000|  0%| F|  |TAMS 0x000000070b200000| PB 0x000000070b200000| Untracked |  0
|  49|0x000000070b400000, 0x000000070b400000, 0x000000070b600000|  0%| F|  |TAMS 0x000000070b400000| PB 0x000000070b400000| Untracked |  0
|  50|0x000000070b600000, 0x000000070b600000, 0x000000070b800000|  0%| F|  |TAMS 0x000000070b600000| PB 0x000000070b600000| Untracked |  0
|  51|0x000000070b800000, 0x000000070b800000, 0x000000070ba00000|  0%| F|  |TAMS 0x000000070b800000| PB 0x000000070b800000| Untracked |  0
|  52|0x000000070ba00000, 0x000000070ba00000, 0x000000070bc00000|  0%| F|  |TAMS 0x000000070ba00000| PB 0x000000070ba00000| Untracked |  0
|  53|0x000000070bc00000, 0x000000070bc00000, 0x000000070be00000|  0%| F|  |TAMS 0x000000070bc00000| PB 0x000000070bc00000| Untracked |  0
|  54|0x000000070be00000, 0x000000070be00000, 0x000000070c000000|  0%| F|  |TAMS 0x000000070be00000| PB 0x000000070be00000| Untracked |  0
|  55|0x000000070c000000, 0x000000070c000000, 0x000000070c200000|  0%| F|  |TAMS 0x000000070c000000| PB 0x000000070c000000| Untracked |  0
|  56|0x000000070c200000, 0x000000070c200000, 0x000000070c400000|  0%| F|  |TAMS 0x000000070c200000| PB 0x000000070c200000| Untracked |  0
|  57|0x000000070c400000, 0x000000070c400000, 0x000000070c600000|  0%| F|  |TAMS 0x000000070c400000| PB 0x000000070c400000| Untracked |  0
|  58|0x000000070c600000, 0x000000070c600000, 0x000000070c800000|  0%| F|  |TAMS 0x000000070c600000| PB 0x000000070c600000| Untracked |  0
|  59|0x000000070c800000, 0x000000070c800000, 0x000000070ca00000|  0%| F|  |TAMS 0x000000070c800000| PB 0x000000070c800000| Untracked |  0
|  60|0x000000070ca00000, 0x000000070ca00000, 0x000000070cc00000|  0%| F|  |TAMS 0x000000070ca00000| PB 0x000000070ca00000| Untracked |  0
|  61|0x000000070cc00000, 0x000000070cc00000, 0x000000070ce00000|  0%| F|  |TAMS 0x000000070cc00000| PB 0x000000070cc00000| Untracked |  0
|  62|0x000000070ce00000, 0x000000070ce00000, 0x000000070d000000|  0%| F|  |TAMS 0x000000070ce00000| PB 0x000000070ce00000| Untracked |  0
|  63|0x000000070d000000, 0x000000070d000000, 0x000000070d200000|  0%| F|  |TAMS 0x000000070d000000| PB 0x000000070d000000| Untracked |  0
|  64|0x000000070d200000, 0x000000070d200000, 0x000000070d400000|  0%| F|  |TAMS 0x000000070d200000| PB 0x000000070d200000| Untracked |  0
|  65|0x000000070d400000, 0x000000070d400000, 0x000000070d600000|  0%| F|  |TAMS 0x000000070d400000| PB 0x000000070d400000| Untracked |  0
|  66|0x000000070d600000, 0x000000070d600000, 0x000000070d800000|  0%| F|  |TAMS 0x000000070d600000| PB 0x000000070d600000| Untracked |  0
|  67|0x000000070d800000, 0x000000070d800000, 0x000000070da00000|  0%| F|  |TAMS 0x000000070d800000| PB 0x000000070d800000| Untracked |  0
|  68|0x000000070da00000, 0x000000070da00000, 0x000000070dc00000|  0%| F|  |TAMS 0x000000070da00000| PB 0x000000070da00000| Untracked |  0
|  69|0x000000070dc00000, 0x000000070dc00000, 0x000000070de00000|  0%| F|  |TAMS 0x000000070dc00000| PB 0x000000070dc00000| Untracked |  0
|  70|0x000000070de00000, 0x000000070de00000, 0x000000070e000000|  0%| F|  |TAMS 0x000000070de00000| PB 0x000000070de00000| Untracked |  0
|  71|0x000000070e000000, 0x000000070e000000, 0x000000070e200000|  0%| F|  |TAMS 0x000000070e000000| PB 0x000000070e000000| Untracked |  0
|  72|0x000000070e200000, 0x000000070e200000, 0x000000070e400000|  0%| F|  |TAMS 0x000000070e200000| PB 0x000000070e200000| Untracked |  0
|  73|0x000000070e400000, 0x000000070e400000, 0x000000070e600000|  0%| F|  |TAMS 0x000000070e400000| PB 0x000000070e400000| Untracked |  0
|  74|0x000000070e600000, 0x000000070e600000, 0x000000070e800000|  0%| F|  |TAMS 0x000000070e600000| PB 0x000000070e600000| Untracked |  0
|  75|0x000000070e800000, 0x000000070e800000, 0x000000070ea00000|  0%| F|  |TAMS 0x000000070e800000| PB 0x000000070e800000| Untracked |  0
|  76|0x000000070ea00000, 0x000000070ea00000, 0x000000070ec00000|  0%| F|  |TAMS 0x000000070ea00000| PB 0x000000070ea00000| Untracked |  0
|  77|0x000000070ec00000, 0x000000070ec00000, 0x000000070ee00000|  0%| F|  |TAMS 0x000000070ec00000| PB 0x000000070ec00000| Untracked |  0
|  78|0x000000070ee00000, 0x000000070ee00000, 0x000000070f000000|  0%| F|  |TAMS 0x000000070ee00000| PB 0x000000070ee00000| Untracked |  0
|  79|0x000000070f000000, 0x000000070f000000, 0x000000070f200000|  0%| F|  |TAMS 0x000000070f000000| PB 0x000000070f000000| Untracked |  0
|  80|0x000000070f200000, 0x000000070f200000, 0x000000070f400000|  0%| F|  |TAMS 0x000000070f200000| PB 0x000000070f200000| Untracked |  0
|  81|0x000000070f400000, 0x000000070f400000, 0x000000070f600000|  0%| F|  |TAMS 0x000000070f400000| PB 0x000000070f400000| Untracked |  0
|  82|0x000000070f600000, 0x000000070f600000, 0x000000070f800000|  0%| F|  |TAMS 0x000000070f600000| PB 0x000000070f600000| Untracked |  0
|  83|0x000000070f800000, 0x000000070f800000, 0x000000070fa00000|  0%| F|  |TAMS 0x000000070f800000| PB 0x000000070f800000| Untracked |  0
|  84|0x000000070fa00000, 0x000000070fa00000, 0x000000070fc00000|  0%| F|  |TAMS 0x000000070fa00000| PB 0x000000070fa00000| Untracked |  0
|  85|0x000000070fc00000, 0x000000070fc00000, 0x000000070fe00000|  0%| F|  |TAMS 0x000000070fc00000| PB 0x000000070fc00000| Untracked |  0
|  86|0x000000070fe00000, 0x000000070fe00000, 0x0000000710000000|  0%| F|  |TAMS 0x000000070fe00000| PB 0x000000070fe00000| Untracked |  0
|  87|0x0000000710000000, 0x0000000710000000, 0x0000000710200000|  0%| F|  |TAMS 0x0000000710000000| PB 0x0000000710000000| Untracked |  0
|  88|0x0000000710200000, 0x0000000710200000, 0x0000000710400000|  0%| F|  |TAMS 0x0000000710200000| PB 0x0000000710200000| Untracked |  0
|  89|0x0000000710400000, 0x0000000710400000, 0x0000000710600000|  0%| F|  |TAMS 0x0000000710400000| PB 0x0000000710400000| Untracked |  0
|  90|0x0000000710600000, 0x0000000710600000, 0x0000000710800000|  0%| F|  |TAMS 0x0000000710600000| PB 0x0000000710600000| Untracked |  0
|  91|0x0000000710800000, 0x0000000710800000, 0x0000000710a00000|  0%| F|  |TAMS 0x0000000710800000| PB 0x0000000710800000| Untracked |  0
|  92|0x0000000710a00000, 0x0000000710a00000, 0x0000000710c00000|  0%| F|  |TAMS 0x0000000710a00000| PB 0x0000000710a00000| Untracked |  0
|  93|0x0000000710c00000, 0x0000000710c00000, 0x0000000710e00000|  0%| F|  |TAMS 0x0000000710c00000| PB 0x0000000710c00000| Untracked |  0
|  94|0x0000000710e00000, 0x0000000710e00000, 0x0000000711000000|  0%| F|  |TAMS 0x0000000710e00000| PB 0x0000000710e00000| Untracked |  0
|  95|0x0000000711000000, 0x0000000711000000, 0x0000000711200000|  0%| F|  |TAMS 0x0000000711000000| PB 0x0000000711000000| Untracked |  0
|  96|0x0000000711200000, 0x0000000711200000, 0x0000000711400000|  0%| F|  |TAMS 0x0000000711200000| PB 0x0000000711200000| Untracked |  0
|  97|0x0000000711400000, 0x0000000711400000, 0x0000000711600000|  0%| F|  |TAMS 0x0000000711400000| PB 0x0000000711400000| Untracked |  0
|  98|0x0000000711600000, 0x0000000711600000, 0x0000000711800000|  0%| F|  |TAMS 0x0000000711600000| PB 0x0000000711600000| Untracked |  0
|  99|0x0000000711800000, 0x0000000711800000, 0x0000000711a00000|  0%| F|  |TAMS 0x0000000711800000| PB 0x0000000711800000| Untracked |  0
| 100|0x0000000711a00000, 0x0000000711a00000, 0x0000000711c00000|  0%| F|  |TAMS 0x0000000711a00000| PB 0x0000000711a00000| Untracked |  0
| 101|0x0000000711c00000, 0x0000000711c00000, 0x0000000711e00000|  0%| F|  |TAMS 0x0000000711c00000| PB 0x0000000711c00000| Untracked |  0
| 102|0x0000000711e00000, 0x0000000711e00000, 0x0000000712000000|  0%| F|  |TAMS 0x0000000711e00000| PB 0x0000000711e00000| Untracked |  0
| 103|0x0000000712000000, 0x0000000712000000, 0x0000000712200000|  0%| F|  |TAMS 0x0000000712000000| PB 0x0000000712000000| Untracked |  0
| 104|0x0000000712200000, 0x0000000712200000, 0x0000000712400000|  0%| F|  |TAMS 0x0000000712200000| PB 0x0000000712200000| Untracked |  0
| 105|0x0000000712400000, 0x00000007125eb8a0, 0x0000000712600000| 96%| E|  |TAMS 0x0000000712400000| PB 0x0000000712400000| Complete |  0
| 106|0x0000000712600000, 0x0000000712800000, 0x0000000712800000|100%| E|CS|TAMS 0x0000000712600000| PB 0x0000000712600000| Complete |  0
| 107|0x0000000712800000, 0x0000000712a00000, 0x0000000712a00000|100%| E|CS|TAMS 0x0000000712800000| PB 0x0000000712800000| Complete |  0
| 108|0x0000000712a00000, 0x0000000712c00000, 0x0000000712c00000|100%| E|CS|TAMS 0x0000000712a00000| PB 0x0000000712a00000| Complete |  0
| 109|0x0000000712c00000, 0x0000000712e00000, 0x0000000712e00000|100%| E|CS|TAMS 0x0000000712c00000| PB 0x0000000712c00000| Complete |  0
| 110|0x0000000712e00000, 0x0000000713000000, 0x0000000713000000|100%| E|CS|TAMS 0x0000000712e00000| PB 0x0000000712e00000| Complete |  0
| 111|0x0000000713000000, 0x0000000713200000, 0x0000000713200000|100%| E|CS|TAMS 0x0000000713000000| PB 0x0000000713000000| Complete |  0
| 112|0x0000000713200000, 0x0000000713400000, 0x0000000713400000|100%| E|CS|TAMS 0x0000000713200000| PB 0x0000000713200000| Complete |  0
| 113|0x0000000713400000, 0x0000000713600000, 0x0000000713600000|100%| E|CS|TAMS 0x0000000713400000| PB 0x0000000713400000| Complete |  0
| 114|0x0000000713600000, 0x0000000713800000, 0x0000000713800000|100%| E|CS|TAMS 0x0000000713600000| PB 0x0000000713600000| Complete |  0
| 115|0x0000000713800000, 0x0000000713a00000, 0x0000000713a00000|100%| E|CS|TAMS 0x0000000713800000| PB 0x0000000713800000| Complete |  0
| 116|0x0000000713a00000, 0x0000000713c00000, 0x0000000713c00000|100%| E|CS|TAMS 0x0000000713a00000| PB 0x0000000713a00000| Complete |  0
| 117|0x0000000713c00000, 0x0000000713e00000, 0x0000000713e00000|100%| E|CS|TAMS 0x0000000713c00000| PB 0x0000000713c00000| Complete |  0
| 118|0x0000000713e00000, 0x0000000714000000, 0x0000000714000000|100%| E|CS|TAMS 0x0000000713e00000| PB 0x0000000713e00000| Complete |  0
| 119|0x0000000714000000, 0x0000000714200000, 0x0000000714200000|100%| E|CS|TAMS 0x0000000714000000| PB 0x0000000714000000| Complete |  0
| 120|0x0000000714200000, 0x0000000714400000, 0x0000000714400000|100%| E|CS|TAMS 0x0000000714200000| PB 0x0000000714200000| Complete |  0
| 121|0x0000000714400000, 0x0000000714600000, 0x0000000714600000|100%| E|CS|TAMS 0x0000000714400000| PB 0x0000000714400000| Complete |  0
| 122|0x0000000714600000, 0x0000000714800000, 0x0000000714800000|100%| E|CS|TAMS 0x0000000714600000| PB 0x0000000714600000| Complete |  0
| 123|0x0000000714800000, 0x0000000714a00000, 0x0000000714a00000|100%| E|CS|TAMS 0x0000000714800000| PB 0x0000000714800000| Complete |  0
| 124|0x0000000714a00000, 0x0000000714c00000, 0x0000000714c00000|100%| E|CS|TAMS 0x0000000714a00000| PB 0x0000000714a00000| Complete |  0
| 125|0x0000000714c00000, 0x0000000714e00000, 0x0000000714e00000|100%| E|CS|TAMS 0x0000000714c00000| PB 0x0000000714c00000| Complete |  0
|2006|0x00000007ffe00000, 0x00000007fff1c288, 0x0000000800000000| 55%| O|  |TAMS 0x00000007ffe00000| PB 0x00000007ffe00000| Untracked |  0

Card table byte_map: [0x000001be31da0000,0x000001be32580000] _byte_map_base: 0x000001be2e577000

Marking Bits: (CMBitMap*) 0x000001be17072ed0
 Bits: [0x000001be32580000, 0x000001be36438000)

Polling page: 0x000001be189b0000

Metaspace:

Usage:
  Non-class:      7.32 MB used.
      Class:    733.59 KB used.
       Both:      8.04 MB used.

Virtual space:
  Non-class space:       64.00 MB reserved,       7.44 MB ( 12%) committed,  1 nodes.
      Class space:        1.00 GB reserved,     896.00 KB ( <1%) committed,  1 nodes.
             Both:        1.06 GB reserved,       8.31 MB ( <1%) committed. 

Chunk freelists:
   Non-Class:  8.46 MB
       Class:  15.17 MB
        Both:  23.63 MB

MaxMetaspaceSize: unlimited
CompressedClassSpaceSize: 1.00 GB
Initial GC threshold: 21.00 MB
Current GC threshold: 21.00 MB
CDS: on
 - commit_granule_bytes: 65536.
 - commit_granule_words: 8192.
 - virtual_space_node_default_size: 8388608.
 - enlarge_chunks_in_place: 1.
UseCompressedClassPointers 1, UseCompactObjectHeaders 0
Narrow klass pointer bits 32, Max shift 3
Narrow klass base: 0x000001be3a000000, Narrow klass shift: 0
Encoding Range: [0x000001be3a000000 - 0x000001bf3a000000), (4294967296 bytes)
Klass Range:    [0x000001be3a000000 - 0x000001be7b000000), (1090519040 bytes)
Klass ID Range:  [8 - 1090519033) (1090519025)


Internal statistics:

num_allocs_failed_limit: 0.
num_arena_births: 214.
num_arena_deaths: 0.
num_vsnodes_births: 2.
num_vsnodes_deaths: 0.
num_space_committed: 133.
num_space_uncommitted: 0.
num_chunks_returned_to_freelist: 0.
num_chunks_taken_from_freelist: 317.
num_chunk_merges: 0.
num_chunk_splits: 172.
num_chunks_enlarged: 40.
num_inconsistent_stats: 0.

CodeHeap 'non-profiled nmethods': size=119232Kb used=795Kb max_used=795Kb free=118436Kb
 bounds [0x000001be28f60000, 0x000001be291d0000, 0x000001be303d0000]
CodeHeap 'profiled nmethods': size=119104Kb used=4120Kb max_used=4120Kb free=114983Kb
 bounds [0x000001be213d0000, 0x000001be217e0000, 0x000001be28820000]
CodeHeap 'non-nmethods': size=7424Kb used=3021Kb max_used=3062Kb free=4402Kb
 bounds [0x000001be28820000, 0x000001be28b30000, 0x000001be28f60000]
CodeCache: size=245760Kb, used=7936Kb, max_used=7977Kb, free=237821Kb
 total_blobs=3068, nmethods=2562, adapters=408, full_count=0
Compilation: enabled, stopped_count=0, restarted_count=0

Compilation events (20 events):
Event: 291.462 Thread 0x000001be00070e00 nmethod 2553 0x000001be29022308 code [0x000001be29022400, 0x000001be290224c8]
Event: 291.462 Thread 0x000001be000733d0 2555       1       jdk.jfr.internal.EventControl::getEventType (5 bytes)
Event: 291.462 Thread 0x000001be39746a00 nmethod 2558 0x000001be29022608 code [0x000001be29022700, 0x000001be290227c8]
Event: 291.462 Thread 0x000001be00070e00 2556       1       jdk.jfr.internal.EventControl::getSettingsId (5 bytes)
Event: 291.463 Thread 0x000001be000733d0 nmethod 2555 0x000001be29022908 code [0x000001be29022a00, 0x000001be29022ac8]
Event: 291.463 Thread 0x000001be39746a00 2557       1       jdk.jfr.internal.EventControl::getNamedControls (5 bytes)
Event: 291.463 Thread 0x000001be00070e00 nmethod 2556 0x000001be29022c08 code [0x000001be29022d00, 0x000001be29022dc8]
Event: 291.463 Thread 0x000001be39746a00 nmethod 2557 0x000001be29022f08 code [0x000001be29023000, 0x000001be290230c8]
Event: 291.463 Thread 0x000001be39747920 nmethod 2559 0x000001be217d4088 code [0x000001be217d4320, 0x000001be217d5778]
Event: 291.465 Thread 0x000001be39746a00 2560       1       jdk.jfr.internal.periodic.EventTask::getEventType (5 bytes)
Event: 291.466 Thread 0x000001be39746a00 nmethod 2560 0x000001be29023208 code [0x000001be29023300, 0x000001be290233c8]
Event: 291.466 Thread 0x000001be000733d0 2561       1       jdk.jfr.internal.periodic.PeriodicTask::getPeriod (5 bytes)
Event: 291.466 Thread 0x000001be00070e00 2562       3       java.util.Comparator$$Lambda/0x000001be3b0a03a0::compare (10 bytes)
Event: 291.466 Thread 0x000001be000733d0 nmethod 2561 0x000001be29023508 code [0x000001be29023600, 0x000001be290236c8]
Event: 291.466 Thread 0x000001be39747920 2563       3       java.util.Comparator::lambda$comparingLong$6043328a$1 (18 bytes)
Event: 291.466 Thread 0x000001be39747920 nmethod 2563 0x000001be217d5808 code [0x000001be217d5960, 0x000001be217d5d40]
Event: 291.466 Thread 0x000001be00070e00 nmethod 2562 0x000001be217d5d88 code [0x000001be217d5ee0, 0x000001be217d6358]
Event: 291.472 Thread 0x000001be00072c40 nmethod 2543 0x000001be29023808 code [0x000001be29023920, 0x000001be29023ef0]
Event: 291.473 Thread 0x000001be39746270 nmethod 2518 0x000001be29023f08 code [0x000001be29024160, 0x000001be29024da8]
Event: 291.473 Thread 0x000001be39745350 nmethod 2531 0x000001be29024e88 code [0x000001be290250e0, 0x000001be29026c88]

GC Heap History (0 events):
No events

Dll operation events (12 events):
Event: 0.014 Loaded shared library C:\Users\rcris\.jdks\openjdk-24.0.1\bin\java.dll
Event: 0.039 Loaded shared library C:\Users\rcris\.jdks\openjdk-24.0.1\bin\jsvml.dll
Event: 0.071 Loaded shared library C:\Users\rcris\.jdks\openjdk-24.0.1\bin\zip.dll
Event: 0.073 Loaded shared library C:\Users\rcris\.jdks\openjdk-24.0.1\bin\instrument.dll
Event: 0.077 Loaded shared library C:\Users\rcris\.jdks\openjdk-24.0.1\bin\net.dll
Event: 0.079 Loaded shared library C:\Users\rcris\.jdks\openjdk-24.0.1\bin\nio.dll
Event: 0.082 Loaded shared library C:\Users\rcris\.jdks\openjdk-24.0.1\bin\zip.dll
Event: 0.106 Loaded shared library C:\Users\rcris\.jdks\openjdk-24.0.1\bin\extnet.dll
Event: 0.181 Loaded shared library C:\Users\rcris\.jdks\openjdk-24.0.1\bin\jimage.dll
Event: 0.219 Loaded shared library C:\Users\rcris\.jdks\openjdk-24.0.1\bin\management.dll
Event: 0.226 Loaded shared library C:\Users\rcris\.jdks\openjdk-24.0.1\bin\management_ext.dll
Event: 291.237 Loaded shared library C:\Users\rcris\AppData\Local\Temp\idea_libasyncProfiler_dll_temp_folder\libasyncProfiler.dll

Deoptimization events (20 events):
Event: 291.385 Thread 0x000001be392e7110 Uncommon trap: trap_request=0xffffffde fr.pc=0x000001be2900d310 relative=0x0000000000000070
Event: 291.385 Thread 0x000001be392e7110 Uncommon trap: reason=class_check action=maybe_recompile pc=0x000001be2900d310 method=jdk.jfr.FlightRecorderPermission$InternalAccess.getType(Ljava/lang/Object;)Ljdk/jfr/internal/Type; @ 18 c2
Event: 291.385 Thread 0x000001be392e7110 DEOPT PACKING pc=0x000001be2900d310 sp=0x00000004914fe4c0
Event: 291.386 Thread 0x000001be392e7110 DEOPT UNPACKING pc=0x000001be28938602 sp=0x00000004914fe458 mode 2
Event: 291.386 Thread 0x000001be392e7110 Uncommon trap: trap_request=0xffffffde fr.pc=0x000001be2900d310 relative=0x0000000000000070
Event: 291.386 Thread 0x000001be392e7110 Uncommon trap: reason=class_check action=maybe_recompile pc=0x000001be2900d310 method=jdk.jfr.FlightRecorderPermission$InternalAccess.getType(Ljava/lang/Object;)Ljdk/jfr/internal/Type; @ 18 c2
Event: 291.386 Thread 0x000001be392e7110 DEOPT PACKING pc=0x000001be2900d310 sp=0x00000004914fe4c0
Event: 291.386 Thread 0x000001be392e7110 DEOPT UNPACKING pc=0x000001be28938602 sp=0x00000004914fe458 mode 2
Event: 291.393 Thread 0x000001be392e7110 Uncommon trap: trap_request=0xffffffcc fr.pc=0x000001be290119fc relative=0x00000000000003bc
Event: 291.393 Thread 0x000001be392e7110 Uncommon trap: reason=intrinsic_or_type_checked_inlining action=make_not_entrant pc=0x000001be290119fc method=java.util.Arrays.copyOf([Ljava/lang/Object;ILjava/lang/Class;)[Ljava/lang/Object; @ 35 c2
Event: 291.393 Thread 0x000001be392e7110 DEOPT PACKING pc=0x000001be290119fc sp=0x00000004914fe340
Event: 291.393 Thread 0x000001be392e7110 DEOPT UNPACKING pc=0x000001be28938602 sp=0x00000004914fe2d0 mode 2
Event: 291.449 Thread 0x000001be392e7110 Uncommon trap: trap_request=0xffffff4d fr.pc=0x000001be2901d5e4 relative=0x0000000000000064
Event: 291.449 Thread 0x000001be392e7110 Uncommon trap: reason=unstable_if action=reinterpret pc=0x000001be2901d5e4 method=java.io.ByteArrayOutputStream.ensureCapacity(I)V @ 11 c2
Event: 291.449 Thread 0x000001be392e7110 DEOPT PACKING pc=0x000001be2901d5e4 sp=0x00000004914fe620
Event: 291.449 Thread 0x000001be392e7110 DEOPT UNPACKING pc=0x000001be28938602 sp=0x00000004914fe5a0 mode 2
Event: 291.452 Thread 0x000001be392e7110 Uncommon trap: trap_request=0xffffff4d fr.pc=0x000001be2901eef0 relative=0x00000000000003d0
Event: 291.452 Thread 0x000001be392e7110 Uncommon trap: reason=unstable_if action=reinterpret pc=0x000001be2901eef0 method=java.io.ByteArrayOutputStream.ensureCapacity(I)V @ 11 c2
Event: 291.452 Thread 0x000001be392e7110 DEOPT PACKING pc=0x000001be2901eef0 sp=0x00000004914fe5b0
Event: 291.452 Thread 0x000001be392e7110 DEOPT UNPACKING pc=0x000001be28938602 sp=0x00000004914fe490 mode 2

Classes loaded (20 events):
Event: 291.436 Loading class jdk/jfr/internal/MetadataWriter
Event: 291.436 Loading class jdk/jfr/internal/MetadataWriter done
Event: 291.436 Loading class jdk/jfr/internal/MetadataDescriptor$Element
Event: 291.437 Loading class jdk/jfr/internal/MetadataDescriptor$Element done
Event: 291.437 Loading class jdk/jfr/internal/MetadataDescriptor$Attribute
Event: 291.437 Loading class jdk/jfr/internal/MetadataDescriptor$Attribute done
Event: 291.445 Loading class jdk/jfr/internal/consumer/StringParser$Encoding
Event: 291.446 Loading class jdk/jfr/internal/consumer/StringParser$Encoding done
Event: 291.455 Loading class jdk/jfr/internal/consumer/RepositoryFiles
Event: 291.455 Loading class jdk/jfr/internal/consumer/RepositoryFiles done
Event: 291.458 Loading class jdk/jfr/internal/SettingsManager$InternalSetting
Event: 291.458 Loading class jdk/jfr/internal/SettingsManager$InternalSetting done
Event: 291.459 Loading class jdk/jfr/internal/util/Rate
Event: 291.459 Loading class jdk/jfr/internal/util/Rate done
Event: 291.459 Loading class jdk/jfr/internal/util/TimespanUnit
Event: 291.460 Loading class jdk/jfr/internal/util/TimespanUnit done
Event: 291.460 Loading class jdk/jfr/internal/util/ValueParser
Event: 291.460 Loading class jdk/jfr/internal/util/ValueParser done
Event: 291.461 Loading class jdk/jfr/internal/periodic/PeriodicType
Event: 291.462 Loading class jdk/jfr/internal/periodic/PeriodicType done

Classes unloaded (0 events):
No events

Classes redefined (0 events):
No events

Internal exceptions (20 events):
Event: 0.488 Thread 0x000001be39730820 Exception <a 'java/lang/NoSuchMethodError'{0x0000000713b544e8}: 'java.lang.Object java.lang.invoke.DirectMethodHandle$Holder.invokeInterface(java.lang.Object, java.lang.Object, java.lang.Object, java.lang.Object, java.lang.Object)'> (0x0000000713b544e8) 
thrown [s\open\src\hotspot\share\interpreter\linkResolver.cpp, line 805]
Event: 0.496 Thread 0x000001be39730820 Exception <a 'java/lang/NoSuchMethodError'{0x0000000713b9eef0}: 'double java.lang.invoke.DirectMethodHandle$Holder.invokeInterface(java.lang.Object, java.lang.Object)'> (0x0000000713b9eef0) 
thrown [s\open\src\hotspot\share\interpreter\linkResolver.cpp, line 805]
Event: 0.498 Thread 0x000001be39730820 Exception <a 'java/lang/NoSuchMethodError'{0x0000000713bafb60}: 'double java.lang.invoke.DelegatingMethodHandle$Holder.reinvoke_L(java.lang.Object, java.lang.Object)'> (0x0000000713bafb60) 
thrown [s\open\src\hotspot\share\interpreter\linkResolver.cpp, line 805]
Event: 0.820 Thread 0x000001be39730820 Exception <a 'java/lang/NoSuchMethodError'{0x0000000713bd7790}: 'long java.lang.invoke.DirectMethodHandle$Holder.invokeVirtual(java.lang.Object, java.lang.Object)'> (0x0000000713bd7790) 
thrown [s\open\src\hotspot\share\interpreter\linkResolver.cpp, line 805]
Event: 0.820 Thread 0x000001be39730820 Exception <a 'java/lang/NoSuchMethodError'{0x0000000713bdfa80}: 'java.lang.Object java.lang.invoke.DirectMethodHandle$Holder.invokeStatic(java.lang.Object, long)'> (0x0000000713bdfa80) 
thrown [s\open\src\hotspot\share\interpreter\linkResolver.cpp, line 805]
Event: 0.821 Thread 0x000001be39730820 Exception <a 'java/lang/NoSuchMethodError'{0x0000000713befb28}: 'long java.lang.invoke.DelegatingMethodHandle$Holder.reinvoke_L(java.lang.Object, java.lang.Object)'> (0x0000000713befb28) 
thrown [s\open\src\hotspot\share\interpreter\linkResolver.cpp, line 805]
Event: 240.512 Thread 0x000001be7f716f40 Implicit null exception at 0x000001be28fe39fa to 0x000001be28fe3aac
Event: 240.512 Thread 0x000001be7f716f40 Implicit null exception at 0x000001be28fdf370 to 0x000001be28fdf434
Event: 291.278 Thread 0x000001be392e7110 Exception <a 'java/lang/NoSuchMethodError'{0x000000071312b9f0}: 'java.lang.Object java.lang.invoke.DirectMethodHandle$Holder.invokeStatic(java.lang.Object, int, java.lang.Object)'> (0x000000071312b9f0) 
thrown [s\open\src\hotspot\share\interpreter\linkResolver.cpp, line 805]
Event: 291.282 Thread 0x000001be392e7110 Implicit null exception at 0x000001be28f96e59 to 0x000001be28f97ae4
Event: 291.293 Thread 0x000001be392e7110 Exception <a 'java/lang/NoSuchMethodError'{0x000000071317ab68}: 'void java.lang.invoke.DirectMethodHandle$Holder.invokeStaticInit(java.lang.Object)'> (0x000000071317ab68) 
thrown [s\open\src\hotspot\share\interpreter\linkResolver.cpp, line 805]
Event: 291.302 Thread 0x000001be392e7110 Exception <a 'java/lang/NoSuchMethodError'{0x00000007131d9150}: 'java.lang.Object java.lang.invoke.DirectMethodHandle$Holder.newInvokeSpecial(java.lang.Object, java.lang.Object, java.lang.Object, java.lang.Object, java.lang.Object)'> (0x00000007131d9150) 
thrown [s\open\src\hotspot\share\interpreter\linkResolver.cpp, line 805]
Event: 291.333 Thread 0x000001be392e7110 Exception <a 'java/lang/NoSuchMethodError'{0x0000000712f71f50}: 'int java.lang.invoke.DirectMethodHandle$Holder.invokeStatic(java.lang.Object, java.lang.Object, java.lang.Object, java.lang.Object)'> (0x0000000712f71f50) 
thrown [s\open\src\hotspot\share\interpreter\linkResolver.cpp, line 805]
Event: 291.422 Thread 0x000001be392e7110 Exception <a 'java/lang/NoSuchMethodError'{0x0000000712877548}: 'void java.lang.invoke.DirectMethodHandle$Holder.invokeSpecial(java.lang.Object, java.lang.Object, int)'> (0x0000000712877548) 
thrown [s\open\src\hotspot\share\interpreter\linkResolver.cpp, line 805]
Event: 291.422 Thread 0x000001be392e7110 Exception <a 'java/lang/NoSuchMethodError'{0x000000071287f168}: 'void java.lang.invoke.Invokers$Holder.invokeExact_MT(java.lang.Object, int, java.lang.Object)'> (0x000000071287f168) 
thrown [s\open\src\hotspot\share\interpreter\linkResolver.cpp, line 805]
Event: 291.425 Thread 0x000001be392e7110 Exception <a 'java/lang/NoSuchMethodError'{0x0000000712899948}: 'void java.lang.invoke.DirectMethodHandle$Holder.invokeStatic(java.lang.Object, java.lang.Object, int)'> (0x0000000712899948) 
thrown [s\open\src\hotspot\share\interpreter\linkResolver.cpp, line 805]
Event: 291.426 Thread 0x000001be392e7110 Exception <a 'java/lang/NoSuchMethodError'{0x00000007128a8850}: 'java.lang.Object java.lang.invoke.DirectMethodHandle$Holder.newInvokeSpecial(java.lang.Object, java.lang.Object, int)'> (0x00000007128a8850) 
thrown [s\open\src\hotspot\share\interpreter\linkResolver.cpp, line 805]
Event: 291.429 Thread 0x000001be392e7110 Exception <a 'sun/nio/fs/WindowsException'{0x00000007128dcb30}> (0x00000007128dcb30) 
thrown [s\open\src\hotspot\share\prims\jni.cpp, line 518]
Event: 291.431 Thread 0x000001be392e7110 Exception <a 'sun/nio/fs/WindowsException'{0x00000007128e9918}> (0x00000007128e9918) 
thrown [s\open\src\hotspot\share\prims\jni.cpp, line 518]
Event: 291.433 Thread 0x000001be392e7110 Exception <a 'sun/nio/fs/WindowsException'{0x0000000712605e20}> (0x0000000712605e20) 
thrown [s\open\src\hotspot\share\prims\jni.cpp, line 518]

VM Operations (20 events):
Event: 0.188 Executing VM operation: HandshakeAllThreads (Deoptimize)
Event: 0.188 Executing VM operation: HandshakeAllThreads (Deoptimize) done
Event: 0.383 Executing VM operation: HandshakeAllThreads (Deoptimize)
Event: 0.383 Executing VM operation: HandshakeAllThreads (Deoptimize) done
Event: 0.428 Executing VM operation: HandshakeAllThreads (Deoptimize)
Event: 0.428 Executing VM operation: HandshakeAllThreads (Deoptimize) done
Event: 0.462 Executing VM operation: HandshakeAllThreads (Deoptimize)
Event: 0.462 Executing VM operation: HandshakeAllThreads (Deoptimize) done
Event: 60.117 Executing VM operation: HandshakeAllThreads (HandshakeForDeflation)
Event: 60.117 Executing VM operation: HandshakeAllThreads (HandshakeForDeflation) done
Event: 60.118 Executing VM operation: RendezvousGCThreads
Event: 60.118 Executing VM operation: RendezvousGCThreads done
Event: 120.257 Executing VM operation: HandshakeAllThreads (HandshakeForDeflation)
Event: 120.257 Executing VM operation: HandshakeAllThreads (HandshakeForDeflation) done
Event: 120.257 Executing VM operation: RendezvousGCThreads
Event: 120.257 Executing VM operation: RendezvousGCThreads done
Event: 291.427 Executing VM operation: HandshakeAllThreads (Deoptimize)
Event: 291.427 Executing VM operation: HandshakeAllThreads (Deoptimize) done
Event: 291.456 Executing VM operation: JFRSafepointClear
Event: 291.456 Executing VM operation: JFRSafepointClear done

Memory protections (0 events):
No events

Nmethod flushes (0 events):
No events

Events (20 events):
Event: 5.081 Thread 0x000001be39747920 Thread added: 0x000001be39748840
Event: 6.165 Thread 0x000001be39748840 Thread exited: 0x000001be39748840
Event: 133.875 Thread 0x000001be39747920 Thread added: 0x000001be39745350
Event: 134.944 Thread 0x000001be39745350 Thread exited: 0x000001be39745350
Event: 137.080 Thread 0x000001be39747920 Thread added: 0x000001be39745350
Event: 142.081 Thread 0x000001be39745350 Thread exited: 0x000001be39745350
Event: 207.293 Thread 0x000001be39747920 Thread added: 0x000001be39747190
Event: 207.293 Thread 0x000001be39747920 Thread added: 0x000001be39746270
Event: 209.439 Thread 0x000001be39746270 Thread exited: 0x000001be39746270
Event: 211.590 Thread 0x000001be39747190 Thread exited: 0x000001be39747190
Event: 240.511 Thread 0x000001be39732cb0 Thread added: 0x000001be7f716f40
Event: 291.260 Thread 0x000001be39747920 Thread added: 0x000001be39746270
Event: 291.278 Thread 0x000001be39747920 Thread added: 0x000001be39746a00
Event: 291.290 Thread 0x000001be392e7110 Thread added: 0x000001be7f714360
Event: 291.341 Thread 0x000001be39746270 Thread added: 0x000001be39747190
Event: 291.341 Thread 0x000001be39747920 Thread added: 0x000001be39745350
Event: 291.347 Thread 0x000001be39746a00 Thread added: 0x000001be00072c40
Event: 291.360 Thread 0x000001be39746a00 Thread added: 0x000001be00070e00
Event: 291.418 Thread 0x000001be00070e00 Thread added: 0x000001be000733d0
Event: 291.426 Thread 0x000001be392e7110 Thread added: 0x000001be7f718c80


Dynamic libraries:
0x00007ff71ca20000 - 0x00007ff71ca2e000 	C:\Users\rcris\.jdks\openjdk-24.0.1\bin\java.exe
0x00007ffeff7a0000 - 0x00007ffeffa06000 	C:\WINDOWS\SYSTEM32\ntdll.dll
0x00007ffeff490000 - 0x00007ffeff559000 	C:\WINDOWS\System32\KERNEL32.DLL
0x00007ffefd050000 - 0x00007ffefd41c000 	C:\WINDOWS\System32\KERNELBASE.dll
0x00007ffef8ff0000 - 0x00007ffef908e000 	C:\WINDOWS\SYSTEM32\apphelp.dll
0x00007ffefcd50000 - 0x00007ffefce9b000 	C:\WINDOWS\System32\ucrtbase.dll
0x00007ffee7790000 - 0x00007ffee77a6000 	C:\Users\rcris\.jdks\openjdk-24.0.1\bin\jli.dll
0x00007ffee77b0000 - 0x00007ffee77cb000 	C:\Users\rcris\.jdks\openjdk-24.0.1\bin\VCRUNTIME140.dll
0x00007ffefeb40000 - 0x00007ffefed0a000 	C:\WINDOWS\System32\USER32.dll
0x00007ffefcea0000 - 0x00007ffefcec7000 	C:\WINDOWS\System32\win32u.dll
0x00007ffedcbe0000 - 0x00007ffedce7a000 	C:\WINDOWS\WinSxS\amd64_microsoft.windows.common-controls_6595b64144ccf1df_6.0.26100.3912_none_3e07963ce335137e\COMCTL32.dll
0x00007ffeff700000 - 0x00007ffeff72b000 	C:\WINDOWS\System32\GDI32.dll
0x00007ffeff060000 - 0x00007ffeff109000 	C:\WINDOWS\System32\msvcrt.dll
0x00007ffefd420000 - 0x00007ffefd552000 	C:\WINDOWS\System32\gdi32full.dll
0x00007ffefcc10000 - 0x00007ffefccb3000 	C:\WINDOWS\System32\msvcp_win.dll
0x00007ffeff390000 - 0x00007ffeff3c0000 	C:\WINDOWS\System32\IMM32.DLL
0x00007ffee8150000 - 0x00007ffee815c000 	C:\Users\rcris\.jdks\openjdk-24.0.1\bin\vcruntime140_1.dll
0x00007ffee7700000 - 0x00007ffee778e000 	C:\Users\rcris\.jdks\openjdk-24.0.1\bin\msvcp140.dll
0x00007ffe2abe0000 - 0x00007ffe2b982000 	C:\Users\rcris\.jdks\openjdk-24.0.1\bin\server\jvm.dll
0x00007ffefef90000 - 0x00007ffeff042000 	C:\WINDOWS\System32\ADVAPI32.dll
0x00007ffeff3d0000 - 0x00007ffeff476000 	C:\WINDOWS\System32\sechost.dll
0x00007ffeff270000 - 0x00007ffeff386000 	C:\WINDOWS\System32\RPCRT4.dll
0x00007ffefed10000 - 0x00007ffefed84000 	C:\WINDOWS\System32\WS2_32.dll
0x00007ffef1040000 - 0x00007ffef104b000 	C:\WINDOWS\SYSTEM32\VERSION.dll
0x00007ffefb560000 - 0x00007ffefb5be000 	C:\WINDOWS\SYSTEM32\POWRPROF.dll
0x00007ffef9b50000 - 0x00007ffef9b86000 	C:\WINDOWS\SYSTEM32\WINMM.dll
0x00007ffefb540000 - 0x00007ffefb554000 	C:\WINDOWS\SYSTEM32\UMPDC.dll
0x00007ffefb810000 - 0x00007ffefb82a000 	C:\WINDOWS\SYSTEM32\kernel.appcore.dll
0x00007ffee8120000 - 0x00007ffee812a000 	C:\Users\rcris\.jdks\openjdk-24.0.1\bin\jimage.dll
0x00007ffefa060000 - 0x00007ffefa2a1000 	C:\WINDOWS\SYSTEM32\DBGHELP.DLL
0x00007ffefd750000 - 0x00007ffefdad4000 	C:\WINDOWS\System32\combase.dll
0x00007ffeff610000 - 0x00007ffeff6f0000 	C:\WINDOWS\System32\OLEAUT32.dll
0x00007ffef9b10000 - 0x00007ffef9b49000 	C:\WINDOWS\SYSTEM32\dbgcore.DLL
0x00007ffefcab0000 - 0x00007ffefcb49000 	C:\WINDOWS\System32\bcryptPrimitives.dll
0x00007ffee76f0000 - 0x00007ffee76ff000 	C:\Users\rcris\.jdks\openjdk-24.0.1\bin\instrument.dll
0x00007ffee6de0000 - 0x00007ffee6dfe000 	C:\Users\rcris\.jdks\openjdk-24.0.1\bin\java.dll
0x00007ffefed90000 - 0x00007ffefef2f000 	C:\WINDOWS\System32\ole32.dll
0x00007ffefdf70000 - 0x00007ffefe69d000 	C:\WINDOWS\System32\SHELL32.dll
0x00007ffefced0000 - 0x00007ffefd044000 	C:\WINDOWS\System32\wintypes.dll
0x00007ffefa5c0000 - 0x00007ffefae16000 	C:\WINDOWS\SYSTEM32\windows.storage.dll
0x00007ffeff110000 - 0x00007ffeff1ff000 	C:\WINDOWS\System32\SHCORE.dll
0x00007ffefead0000 - 0x00007ffefeb39000 	C:\WINDOWS\System32\shlwapi.dll
0x00007ffefc840000 - 0x00007ffefc86f000 	C:\WINDOWS\SYSTEM32\profapi.dll
0x00007ffead970000 - 0x00007ffeada47000 	C:\Users\rcris\.jdks\openjdk-24.0.1\bin\jsvml.dll
0x00007ffee68f0000 - 0x00007ffee6907000 	C:\Users\rcris\.jdks\openjdk-24.0.1\bin\zip.dll
0x00007ffee6d30000 - 0x00007ffee6d40000 	C:\Users\rcris\.jdks\openjdk-24.0.1\bin\net.dll
0x00007ffefbd80000 - 0x00007ffefbdea000 	C:\WINDOWS\system32\mswsock.dll
0x00007ffee6d10000 - 0x00007ffee6d26000 	C:\Users\rcris\.jdks\openjdk-24.0.1\bin\nio.dll
0x00007ffee6b30000 - 0x00007ffee6b39000 	C:\Users\rcris\.jdks\openjdk-24.0.1\bin\extnet.dll
0x00007ffefb290000 - 0x00007ffefb3b7000 	C:\WINDOWS\SYSTEM32\DNSAPI.dll
0x00007ffefb250000 - 0x00007ffefb283000 	C:\WINDOWS\SYSTEM32\IPHLPAPI.DLL
0x00007ffeff480000 - 0x00007ffeff48a000 	C:\WINDOWS\System32\NSI.dll
0x00007ffef1030000 - 0x00007ffef103b000 	C:\Windows\System32\rasadhlp.dll
0x00007ffef1210000 - 0x00007ffef1296000 	C:\WINDOWS\System32\fwpuclnt.dll
0x00007ffee69e0000 - 0x00007ffee69ea000 	C:\Users\rcris\.jdks\openjdk-24.0.1\bin\management.dll
0x00007ffee69b0000 - 0x00007ffee69bb000 	C:\Users\rcris\.jdks\openjdk-24.0.1\bin\management_ext.dll
0x00007ffefd740000 - 0x00007ffefd748000 	C:\WINDOWS\System32\PSAPI.DLL
0x00007ffefc020000 - 0x00007ffefc03c000 	C:\WINDOWS\SYSTEM32\CRYPTSP.dll
0x00007ffefb770000 - 0x00007ffefb7aa000 	C:\WINDOWS\system32\rsaenh.dll
0x00007ffefbe20000 - 0x00007ffefbe4b000 	C:\WINDOWS\SYSTEM32\USERENV.dll
0x00007ffefc810000 - 0x00007ffefc836000 	C:\WINDOWS\SYSTEM32\bcrypt.dll
0x00007ffefc040000 - 0x00007ffefc04c000 	C:\WINDOWS\SYSTEM32\CRYPTBASE.dll
0x00007ffece420000 - 0x00007ffece438000 	C:\WINDOWS\system32\napinsp.dll
0x00007ffece320000 - 0x00007ffece332000 	C:\WINDOWS\System32\winrnr.dll
0x00007ffece2e0000 - 0x00007ffece310000 	C:\WINDOWS\system32\nlansp_c.dll
0x00007ffeeadc0000 - 0x00007ffeeade0000 	C:\WINDOWS\system32\wshbth.dll
0x00007ffecf7f0000 - 0x00007ffecf83e000 	C:\WINDOWS\SYSTEM32\pdh.dll
0x00007ffee8130000 - 0x00007ffee8142000 	C:\WINDOWS\System32\perfproc.dll
0x00007ffe892f0000 - 0x00007ffe894e8000 	C:\Users\rcris\AppData\Local\Temp\idea_libasyncProfiler_dll_temp_folder\libasyncProfiler.dll

JVMTI agents:
C:\Program Files\JetBrains\IntelliJ IDEA 2024.3.2.2\lib\idea_rt.jar path:C:\Users\rcris\.jdks\openjdk-24.0.1\bin\instrument.dll, loaded, initialized, instrumentlib options:52259

dbghelp: loaded successfully - version: 4.0.5 - missing functions: none
symbol engine: initialized successfully - sym options: 0x614 - pdb path: .;C:\Users\rcris\.jdks\openjdk-24.0.1\bin;C:\WINDOWS\SYSTEM32;C:\WINDOWS\WinSxS\amd64_microsoft.windows.common-controls_6595b64144ccf1df_6.0.26100.3912_none_3e07963ce335137e;C:\Users\rcris\.jdks\openjdk-24.0.1\bin\server;C:\Users\rcris\AppData\Local\Temp\idea_libasyncProfiler_dll_temp_folder

VM Arguments:
jvm_args: -javaagent:C:\Program Files\JetBrains\IntelliJ IDEA 2024.3.2.2\lib\idea_rt.jar=52259 -Dfile.encoding=UTF-8 -Dsun.stdout.encoding=UTF-8 -Dsun.stderr.encoding=UTF-8 
java_command: Main
java_class_path (initial): C:\Users\rcris\Desktop\LEI\2ANO\PP\TP\Trabalho\PP_TP_2025\out\production\PP_TP;C:\Users\rcris\Downloads\json-simple-1.1.1.jar;C:\Users\rcris\Desktop\LEI\2ANO\PP\TP\Trabalho\PP_TP_2025\Recursos-20250430\lib\apicontracts-1.0-SNAPSHOT.jar
Launcher Type: SUN_STANDARD

[Global flags]
     intx CICompilerCount                          = 12                                        {product} {ergonomic}
     uint ConcGCThreads                            = 4                                         {product} {ergonomic}
     bool FlightRecorder                           = true                                      {product} {management}
     uint G1ConcRefinementThreads                  = 15                                        {product} {ergonomic}
   size_t G1HeapRegionSize                         = 2097152                                   {product} {ergonomic}
   size_t InitialHeapSize                          = 264241152                                 {product} {ergonomic}
   size_t MarkStackSize                            = 4194304                                   {product} {ergonomic}
   size_t MarkStackSizeMax                         = 536870912                                 {product} {ergonomic}
   size_t MaxHeapSize                              = 4208984064                                {product} {ergonomic}
   size_t MaxNewSize                               = 2524971008                                {product} {ergonomic}
   size_t MinHeapDeltaBytes                        = 2097152                                   {product} {ergonomic}
   size_t MinHeapSize                              = 8388608                                   {product} {ergonomic}
    uintx NonNMethodCodeHeapSize                   = 7602176                                {pd product} {ergonomic}
    uintx NonProfiledCodeHeapSize                  = 122093568                              {pd product} {ergonomic}
    uintx ProfiledCodeHeapSize                     = 121962496                              {pd product} {ergonomic}
    uintx ReservedCodeCacheSize                    = 251658240                              {pd product} {ergonomic}
     bool SegmentedCodeCache                       = true                                      {product} {ergonomic}
   size_t SoftMaxHeapSize                          = 4208984064                             {manageable} {ergonomic}
     bool UseCompressedOops                        = true                           {product lp64_product} {ergonomic}
     bool UseG1GC                                  = true                                      {product} {ergonomic}
     bool UseLargePagesIndividualAllocation        = false                                  {pd product} {ergonomic}

Logging:
Log output configuration:
 #0: stdout all=warning uptime,level,tags foldmultilines=false
 #1: stderr all=off uptime,level,tags foldmultilines=false

Environment Variables:
PATH=C:\Program Files\Eclipse Adoptium\jdk-21.0.6.7-hotspot\bin;C:\Program Files\Common Files\Oracle\Java\javapath;C:\WINDOWS\system32;C:\WINDOWS;C:\WINDOWS\System32\Wbem;C:\WINDOWS\System32\WindowsPowerShell\v1.0\;C:\WINDOWS\System32\OpenSSH\;C:\Program Files\dotnet\;C:\Program Files\Git\cmd;C:\Program Files\nodejs\;C:\Users\rcris\AppData\Local\pnpm;C:\Users\rcris\AppData\Local\Programs\Python\Launcher\;C:\Users\rcris\AppData\Local\Microsoft\WindowsApps;C:\Users\rcris\AppData\Local\Programs\Microsoft VS Code\bin;C:\Users\rcris\AppData\Local\GitHubDesktop\bin;C:\Users\rcris\AppData\Roaming\npm
USERNAME=rcris
OS=Windows_NT
PROCESSOR_IDENTIFIER=Intel64 Family 6 Model 186 Stepping 2, GenuineIntel
TMP=C:\Users\rcris\AppData\Local\Temp
TEMP=C:\Users\rcris\AppData\Local\Temp




Periodic native trim disabled

---------------  S Y S T E M  ---------------

OS:
 Windows 11 , 64 bit Build 26100 (10.0.26100.3912)
OS uptime: 2 days 9:33 hours
Hyper-V role detected

CPU: total 20 (initial active 20) (10 cores per cpu, 2 threads per core) family 6 model 186 stepping 2 microcode 0x4123, cx8, cmov, fxsr, ht, mmx, 3dnowpref, sse, sse2, sse3, ssse3, sse4.1, sse4.2, popcnt, lzcnt, tsc, tscinvbit, avx, avx2, aes, erms, clmul, bmi1, bmi2, adx, sha, fma, vzeroupper, clflush, clflushopt, clwb, hv, serialize, rdtscp, rdpid, fsrm, gfni, f16c, cet_ibt, cet_ss
Processor Information for processor 0
  Max Mhz: 2400, Current Mhz: 1520, Mhz Limit: 2400
Processor Information for processor 1
  Max Mhz: 2400, Current Mhz: 2400, Mhz Limit: 2400
Processor Information for processor 2
  Max Mhz: 2400, Current Mhz: 1520, Mhz Limit: 2400
Processor Information for processor 3
  Max Mhz: 2400, Current Mhz: 2400, Mhz Limit: 2400
Processor Information for processor 4
  Max Mhz: 2400, Current Mhz: 2400, Mhz Limit: 2400
Processor Information for processor 5
  Max Mhz: 2400, Current Mhz: 1520, Mhz Limit: 2400
Processor Information for processor 6
  Max Mhz: 2400, Current Mhz: 1520, Mhz Limit: 2400
Processor Information for processor 7
  Max Mhz: 2400, Current Mhz: 2400, Mhz Limit: 2400
Processor Information for processor 8
  Max Mhz: 2400, Current Mhz: 1520, Mhz Limit: 2400
Processor Information for processor 9
  Max Mhz: 2400, Current Mhz: 2400, Mhz Limit: 2400
Processor Information for processor 10
  Max Mhz: 2400, Current Mhz: 2400, Mhz Limit: 2400
Processor Information for processor 11
  Max Mhz: 2400, Current Mhz: 1520, Mhz Limit: 2400
Processor Information for processor 12
  Max Mhz: 2400, Current Mhz: 1466, Mhz Limit: 2400
Processor Information for processor 13
  Max Mhz: 2400, Current Mhz: 1466, Mhz Limit: 2400
Processor Information for processor 14
  Max Mhz: 2400, Current Mhz: 1466, Mhz Limit: 2400
Processor Information for processor 15
  Max Mhz: 2400, Current Mhz: 2400, Mhz Limit: 2400
Processor Information for processor 16
  Max Mhz: 2400, Current Mhz: 2400, Mhz Limit: 2400
Processor Information for processor 17
  Max Mhz: 2400, Current Mhz: 1466, Mhz Limit: 2400
Processor Information for processor 18
  Max Mhz: 2400, Current Mhz: 1466, Mhz Limit: 2400
Processor Information for processor 19
  Max Mhz: 2400, Current Mhz: 1466, Mhz Limit: 2400

Memory: 4k page, system-wide physical 16055M (2340M free)
TotalPageFile size 30391M (AvailPageFile size 8988M)
current process WorkingSet (physical memory assigned to process): 135M, peak: 135M
current process commit charge ("private bytes"): 436M, peak: 436M

vm_info: OpenJDK 64-Bit Server VM (24.0.1+9-30) for windows-amd64 JRE (24.0.1+9-30), built on 2025-03-05T07:23:45Z with MS VC++ 17.6 (VS2022)

END.
